loading data/benchmarks/PE_benchmark_levels.csv
loading data/benchmarks/PE_benchmark_levels_full_ad_cheby.csv
loading data/benchmarks/PE_benchmark_levels_full_ad.csv
loading data/benchmarks/C_benchmark_levels_semi_ad.csv
loading data/benchmarks/C_benchmark_levels_full_ad_cheby.csv
loading data/benchmarks/C_benchmark_levels_full_ad.csv
Written data/plots/PE_runtimes_levels.pdf
loading data/benchmarks/PE_benchmark_times.csv
loading data/benchmarks/PE_benchmark_times_full_ad_cheby.csv
loading data/benchmarks/PE_benchmark_times_full_ad.csv
loading data/benchmarks/C_benchmark_times_semi_ad.csv
loading data/benchmarks/C_benchmark_times_full_ad_cheby.csv
loading data/benchmarks/C_benchmark_times_full_ad.csv
Written data/plots/PE_runtimes_times.pdf
loading data/benchmarks/C_benchmark_levels_semi_ad.csv
loading data/benchmarks/C_U_benchmark_levels_semi_ad.csv
Written data/plots/C_U_runtime_levels.pdf
loading data/benchmarks/C_benchmark_times_semi_ad.csv
loading data/benchmarks/C_U_benchmark_times_semi_ad.csv
Written data/plots/C_U_runtime_times.pdf
loading data/benchmarks/PE_benchmark_levels.csv
loading data/benchmarks/PE_U_benchmark_levels_semi_ad.csv
Written data/plots/PE_U_runtime_levels.pdf
loading data/benchmarks/PE_benchmark_times.csv
loading data/benchmarks/PE_U_benchmark_times_semi_ad.csv
Written data/plots/PE_U_runtime_times.pdf.pdf
loading data/benchmarks/PE_benchmark_levels.csv
loading data/benchmarks/PE_benchmark_levels_full_ad_cheby.csv
loading data/benchmarks/PE_benchmark_levels_full_ad.csv
loading data/benchmarks/C_benchmark_levels_semi_ad.csv
loading data/benchmarks/C_benchmark_levels_full_ad_cheby.csv
loading data/benchmarks/C_benchmark_levels_full_ad.csv
Written data/plots/PE_memory_levels.pdf
loading data/benchmarks/PE_benchmark_times.csv
loading data/benchmarks/PE_benchmark_times_full_ad_cheby.csv
loading data/benchmarks/PE_benchmark_times_full_ad.csv
loading data/benchmarks/C_benchmark_times_semi_ad.csv
loading data/benchmarks/C_benchmark_times_full_ad_cheby.csv
loading data/benchmarks/C_benchmark_times_full_ad.csv
Written data/plots/PE_memory_times.pdf
loading data/benchmarks/C_benchmark_levels_semi_ad.csv
loading data/benchmarks/C_U_benchmark_levels_semi_ad.csv
Written data/plots/C_U_memory_levels.pdf
loading data/benchmarks/C_benchmark_times_semi_ad.csv
loading data/benchmarks/C_U_benchmark_times_semi_ad.csv
Written data/plots/C_U_memory_times.pdf
loading data/benchmarks/PE_benchmark_levels.csv
loading data/benchmarks/PE_U_benchmark_levels_semi_ad.csv
Written data/plots/PE_U_memory_levels.pdf
loading data/benchmarks/PE_benchmark_times.csv
loading data/benchmarks/PE_U_benchmark_times_semi_ad.csv
Written data/plots/PE_U_memory_times.pdf
loading data/benchmarks/PE_benchmark_levels.csv
loading data/benchmarks/PE_benchmark_levels_full_ad_cheby.csv
loading data/benchmarks/PE_benchmark_levels_full_ad.csv
loading data/benchmarks/C_benchmark_levels_semi_ad.csv
loading data/benchmarks/C_benchmark_levels_full_ad_cheby.csv
loading data/benchmarks/C_benchmark_levels_full_ad.csv
Written data/plots/PE_allocated_levels.pdf
loading data/benchmarks/PE_benchmark_times.csv
loading data/benchmarks/PE_benchmark_times_full_ad_cheby.csv
loading data/benchmarks/PE_benchmark_times_full_ad.csv
loading data/benchmarks/C_benchmark_times_semi_ad.csv
loading data/benchmarks/C_benchmark_times_full_ad_cheby.csv
loading data/benchmarks/C_benchmark_times_full_ad.csv
Written data/plots/PE_allocated_times.pdf
loading data/benchmarks/C_benchmark_levels_semi_ad.csv
loading data/benchmarks/C_U_benchmark_levels_semi_ad.csv
Written data/plots/C_U_allocated_levels.pdf
loading data/benchmarks/C_benchmark_times_semi_ad.csv
loading data/benchmarks/C_U_benchmark_times_semi_ad.csv
Written data/plots/C_U_allocated_times.pdf
loading data/benchmarks/PE_benchmark_levels.csv
loading data/benchmarks/PE_U_benchmark_levels_semi_ad.csv
Written data/plots/PE_U_allocated_levels.pdf
loading data/benchmarks/PE_benchmark_times.csv
loading data/benchmarks/PE_U_benchmark_times_semi_ad.csv
Written data/plots/PE_U_allocated_times.pdf
